2024-02-20 22:10:17 Loading main app package /usr/lib/obsidian/obsidian.asar
2024-02-20 22:10:17 Checking for update using Github
2024-02-20 22:10:17 Success.
2024-02-20 22:10:17 Latest version is 1.5.3
2024-02-20 22:10:17 App is up to date.
2024-02-20 23:10:17 Checking for update using Github
2024-02-20 23:10:17 Success.
2024-02-20 23:10:17 Latest version is 1.5.3
2024-02-20 23:10:17 App is up to date.
2024-02-21 00:10:17 Checking for update using Github
2024-02-21 00:10:17 Success.
2024-02-21 00:10:17 Latest version is 1.5.3
2024-02-21 00:10:17 App is up to date.
2024-02-22 03:06:05 Loading main app package /usr/lib/obsidian/obsidian.asar
2024-02-22 03:06:06 Checking for update using Github
2024-02-22 03:06:06 Success.
2024-02-22 03:06:06 Latest version is 1.5.3
2024-02-22 03:06:06 App is up to date.
2024-02-22 04:06:05 Checking for update using Github
2024-02-22 04:06:06 Success.
2024-02-22 04:06:06 Latest version is 1.5.3
2024-02-22 04:06:06 App is up to date.
2024-02-22 04:22:49 Checking for update using Github
2024-02-22 04:22:49 Success.
2024-02-22 04:22:49 Latest version is 1.5.3
2024-02-22 04:22:49 App is up to date.
2024-02-22 04:25:44 Loading main app package /usr/lib/obsidian/obsidian.asar
2024-02-22 04:25:44 Checking for update using Github
2024-02-22 04:25:44 Success.
2024-02-22 04:25:44 Latest version is 1.5.3
2024-02-22 04:25:44 App is up to date.
2024-02-22 04:26:47 Loading main app package /usr/lib/obsidian/obsidian.asar
2024-02-22 04:26:47 Checking for update using Github
2024-02-22 04:26:47 Success.
2024-02-22 04:26:47 Latest version is 1.5.3
2024-02-22 04:26:47 App is up to date.
2024-02-22 05:26:47 Checking for update using Github
2024-02-22 05:26:47 Success.
2024-02-22 05:26:47 Latest version is 1.5.3
2024-02-22 05:26:47 App is up to date.
2024-02-22 05:54:20 Loading main app package /usr/lib/obsidian/obsidian.asar
2024-02-22 05:54:20 Checking for update using Github
2024-02-22 05:54:20 Success.
2024-02-22 05:54:20 Latest version is 1.5.3
2024-02-22 05:54:20 App is up to date.
2024-02-22 06:54:20 Checking for update using Github
2024-02-22 06:54:20 Success.
2024-02-22 06:54:20 Latest version is 1.5.3
2024-02-22 06:54:20 App is up to date.
2024-02-22 07:54:20 Checking for update using Github
2024-02-22 07:54:20 Success.
2024-02-22 07:54:20 Latest version is 1.5.3
2024-02-22 07:54:20 App is up to date.
2024-02-22 08:54:20 Checking for update using Github
2024-02-22 08:54:20 Success.
2024-02-22 08:54:20 Latest version is 1.5.3
2024-02-22 08:54:20 App is up to date.
2024-02-22 09:54:20 Checking for update using Github
2024-02-22 09:54:20 Success.
2024-02-22 09:54:20 Latest version is 1.5.3
2024-02-22 09:54:20 App is up to date.
2024-02-27 22:21:51 Loading main app package /usr/lib/obsidian/obsidian.asar
2024-02-27 22:21:52 Checking for update using Github
2024-02-27 22:21:52 Success.
2024-02-27 22:21:52 Latest version is 1.5.8
2024-02-27 22:21:52 App is up to date.
2024-02-27 23:21:51 Checking for update using Github
2024-02-27 23:21:52 Success.
2024-02-27 23:21:52 Latest version is 1.5.8
2024-02-27 23:21:52 App is up to date.
2024-02-28 03:59:02 Checking for update using Github
2024-02-28 03:59:03 Success.
2024-02-28 03:59:03 Latest version is 1.5.8
2024-02-28 03:59:03 App is up to date.
2024-02-28 04:59:03 Checking for update using Github
2024-02-28 04:59:03 Success.
2024-02-28 04:59:03 Latest version is 1.5.8
2024-02-28 04:59:03 App is up to date.
2024-02-29 01:44:15 Checking for update using Github
2024-02-29 01:44:15 Success.
2024-02-29 01:44:15 Latest version is 1.5.8
2024-02-29 01:44:15 App is up to date.
2024-02-29 02:44:15 Checking for update using Github
2024-02-29 02:44:15 Success.
2024-02-29 02:44:15 Latest version is 1.5.8
2024-02-29 02:44:15 App is up to date.
2024-02-29 03:44:15 Checking for update using Github
2024-02-29 03:44:15 Success.
2024-02-29 03:44:15 Latest version is 1.5.8
2024-02-29 03:44:15 App is up to date.
2024-02-29 04:44:15 Checking for update using Github
2024-02-29 04:44:15 Success.
2024-02-29 04:44:15 Latest version is 1.5.8
2024-02-29 04:44:15 App is up to date.
2024-02-29 05:44:15 Checking for update using Github
2024-02-29 05:44:15 Success.
2024-02-29 05:44:15 Latest version is 1.5.8
2024-02-29 05:44:15 App is up to date.
2024-02-29 06:44:15 Checking for update using Github
2024-02-29 06:44:15 Success.
2024-02-29 06:44:15 Latest version is 1.5.8
2024-02-29 06:44:15 App is up to date.
2024-02-29 07:44:15 Checking for update using Github
2024-02-29 07:44:15 Success.
2024-02-29 07:44:15 Latest version is 1.5.8
2024-02-29 07:44:15 App is up to date.
2024-02-29 08:44:15 Checking for update using Github
2024-02-29 08:44:15 Success.
2024-02-29 08:44:15 Latest version is 1.5.8
2024-02-29 08:44:15 App is up to date.
2024-02-29 22:08:01 Loading main app package /usr/lib/obsidian/obsidian.asar
2024-02-29 22:08:01 Checking for update using Github
2024-02-29 22:08:01 Failed to check for update using Github (net::ERR_NAME_NOT_RESOLVED)
2024-02-29 22:08:01 Checking for update using obsidian.md
2024-02-29 22:08:01 Failed to check for update using obsidian.md (net::ERR_NAME_NOT_RESOLVED)
2024-02-29 23:08:03 Checking for update using Github
2024-02-29 23:08:03 Success.
2024-02-29 23:08:03 Latest version is 1.5.8
2024-02-29 23:08:03 App is up to date.
2024-03-01 00:08:03 Checking for update using Github
2024-03-01 00:08:03 Success.
2024-03-01 00:08:03 Latest version is 1.5.8
2024-03-01 00:08:03 App is up to date.
2024-03-01 15:30:11 Checking for update using Github
2024-03-01 15:30:11 Failed to check for update using Github (net::ERR_NAME_NOT_RESOLVED)
2024-03-01 15:30:11 Checking for update using obsidian.md
2024-03-01 15:30:11 Failed to check for update using obsidian.md (net::ERR_NAME_NOT_RESOLVED)
2024-03-01 16:30:12 Checking for update using Github
2024-03-01 16:30:12 Failed to check for update using Github (net::ERR_NAME_NOT_RESOLVED)
2024-03-01 16:30:12 Checking for update using obsidian.md
2024-03-01 16:30:12 Failed to check for update using obsidian.md (net::ERR_NAME_NOT_RESOLVED)
2024-03-01 17:30:12 Checking for update using Github
2024-03-01 17:30:12 Failed to check for update using Github (net::ERR_NAME_NOT_RESOLVED)
2024-03-01 17:30:12 Checking for update using obsidian.md
2024-03-01 17:30:12 Failed to check for update using obsidian.md (net::ERR_NAME_NOT_RESOLVED)
